0 info it worked if it ends with ok
1 verbose cli [ '/Users/josh/.nvm/versions/node/v6.13.1/bin/node',
1 verbose cli   '/Users/josh/.nvm/versions/node/v6.13.1/bin/npm',
1 verbose cli   'run',
1 verbose cli   'onchange',
1 verbose cli   'styles/main.css',
1 verbose cli   '--',
1 verbose cli   './node_modules/.bin/tailwind',
1 verbose cli   'build',
1 verbose cli   'styles/main.css',
1 verbose cli   '-c',
1 verbose cli   './tailwind.js',
1 verbose cli   '-o',
1 verbose cli   './styles/output.css' ]
2 info using npm@3.10.10
3 info using node@v6.13.1
4 verbose stack Error: missing script: onchange
4 verbose stack     at run (/Users/josh/.nvm/versions/node/v6.13.1/lib/node_modules/npm/lib/run-script.js:151:19)
4 verbose stack     at /Users/josh/.nvm/versions/node/v6.13.1/lib/node_modules/npm/lib/run-script.js:61:5
4 verbose stack     at /Users/josh/.nvm/versions/node/v6.13.1/lib/node_modules/npm/node_modules/read-package-json/read-json.js:356:5
4 verbose stack     at checkBinReferences_ (/Users/josh/.nvm/versions/node/v6.13.1/lib/node_modules/npm/node_modules/read-package-json/read-json.js:320:45)
4 verbose stack     at final (/Users/josh/.nvm/versions/node/v6.13.1/lib/node_modules/npm/node_modules/read-package-json/read-json.js:354:3)
4 verbose stack     at then (/Users/josh/.nvm/versions/node/v6.13.1/lib/node_modules/npm/node_modules/read-package-json/read-json.js:124:5)
4 verbose stack     at /Users/josh/.nvm/versions/node/v6.13.1/lib/node_modules/npm/node_modules/read-package-json/read-json.js:311:12
4 verbose stack     at /Users/josh/.nvm/versions/node/v6.13.1/lib/node_modules/npm/node_modules/graceful-fs/graceful-fs.js:78:16
4 verbose stack     at tryToString (fs.js:457:3)
4 verbose stack     at FSReqWrap.readFileAfterClose [as oncomplete] (fs.js:444:12)
5 verbose cwd /srv/www/development/bootcamp/07-firebase/02-Homework/train-time
6 error Darwin 17.4.0
7 error argv "/Users/josh/.nvm/versions/node/v6.13.1/bin/node" "/Users/josh/.nvm/versions/node/v6.13.1/bin/npm" "run" "onchange" "styles/main.css" "--" "./node_modules/.bin/tailwind" "build" "styles/main.css" "-c" "./tailwind.js" "-o" "./styles/output.css"
8 error node v6.13.1
9 error npm  v3.10.10
10 error missing script: onchange
11 error If you need help, you may report this error at:
11 error     <https://github.com/npm/npm/issues>
12 verbose exit [ 1, true ]
